[2022-08-24T01:39:50.479Z] [32minfo[39m: get ok
[2022-08-24T01:46:57.445Z] [32minfo[39m: pro_post start
[2022-08-24T01:46:57.517Z] [32minfo[39m: pro_post ok
[2022-08-24T01:47:08.438Z] [32minfo[39m: profile ok
[2022-08-24T01:47:50.333Z] [32minfo[39m: pro_put start
[2022-08-24T01:47:55.433Z] [32minfo[39m: pro_put ok
[2022-08-24T01:49:07.470Z] [32minfo[39m: lv_get ok
[2022-08-24T02:02:31.941Z] [32minfo[39m: skill_post start
[2022-08-24T02:02:37.019Z] [32minfo[39m: skill_post ok
[2022-08-24T02:02:54.463Z] [32minfo[39m: skill_post start
[2022-08-24T02:02:54.482Z] [32minfo[39m: skill_post ok
[2022-08-24T02:03:14.290Z] [32minfo[39m: skill_post start
[2022-08-24T02:03:14.324Z] [32minfo[39m: skill_post ok
[2022-08-24T02:05:10.044Z] [32minfo[39m: skill_put start
[2022-08-24T02:05:10.078Z] [32minfo[39m: skill_put error
[2022-08-24T02:07:45.884Z] [32minfo[39m: profile ok
[2022-08-24T02:09:54.453Z] [32minfo[39m: skill_put start
[2022-08-24T02:09:54.483Z] [32minfo[39m: skill_put error
[2022-08-24T02:14:44.711Z] [32minfo[39m: work_post start
[2022-08-24T02:14:44.756Z] [32minfo[39m: work_post error
[2022-08-24T02:18:16.393Z] [32minfo[39m: work_post start
[2022-08-24T02:18:16.433Z] [32minfo[39m: work_post error
[2022-08-24T02:19:09.250Z] [32minfo[39m: skill_put start
[2022-08-24T02:19:09.298Z] [32minfo[39m: skill_put error 
Invalid `prisma.skill.update()` invocation in
/usr/src/app/app/routes/skills.ts:43:40

  40 const { name, levelId, profileId } = req.body;
  41 try {
  42   logger.info("skill_put start");
→ 43   const upSkill = await prisma.skill.update({
         where: {
           id: 3
         },
         data: {
           name: 'Docker',
           levelId: '1',
           ~~~~~~~
           profileId: undefined
         }
       })

Unknown arg `levelId` in data.levelId for type SkillUpdateInput. Did you mean `level`? Available args:
type SkillUpdateInput {
  name?: String | StringFieldUpdateOperationsInput
  profile?: ProfileUpdateOneRequiredWithoutSkillNestedInput
  level?: LevelUpdateOneRequiredWithoutSkillsNestedInput
}


[2022-08-24T02:19:34.688Z] [32minfo[39m: skill_get ok
[2022-08-24T02:21:34.427Z] [32minfo[39m: skill_put start
[2022-08-24T02:21:34.458Z] [32minfo[39m: skill_put error 
Invalid `prisma.skill.update()` invocation in
/usr/src/app/app/routes/skills.ts:43:40

  40 const { name, levelId, profileId } = req.body;
  41 try {
  42   logger.info("skill_put start");
→ 43   const upSkill = await prisma.skill.update({
         where: {
           id: 3
         },
         data: {
           name: 'Docker',
           levelId: '1',
           ~~~~~~~
           profileId: undefined
         }
       })

Unknown arg `levelId` in data.levelId for type SkillUpdateInput. Did you mean `level`? Available args:
type SkillUpdateInput {
  name?: String | StringFieldUpdateOperationsInput
  profile?: ProfileUpdateOneRequiredWithoutSkillNestedInput
  level?: LevelUpdateOneRequiredWithoutSkillsNestedInput
}


[2022-08-24T02:22:05.220Z] [32minfo[39m: skill_put start
[2022-08-24T02:22:05.257Z] [32minfo[39m: skill_put error 
Invalid `prisma.skill.update()` invocation in
/usr/src/app/app/routes/skills.ts:43:40

  40 const { name, levelId, profileId } = req.body;
  41 try {
  42   logger.info("skill_put start");
→ 43   const upSkill = await prisma.skill.update({
         where: {
           id: 3
         },
         data: {
           name: 'Docker',
           levelId: '1',
           ~~~~~~~
           profileId: undefined
         }
       })

Unknown arg `levelId` in data.levelId for type SkillUpdateInput. Did you mean `level`? Available args:
type SkillUpdateInput {
  name?: String | StringFieldUpdateOperationsInput
  profile?: ProfileUpdateOneRequiredWithoutSkillNestedInput
  level?: LevelUpdateOneRequiredWithoutSkillsNestedInput
}


[2022-08-24T02:23:48.499Z] [32minfo[39m: skill_put start
[2022-08-24T02:23:48.572Z] [32minfo[39m: skill_put ok
[2022-08-24T02:24:41.234Z] [32minfo[39m: skill_put start
[2022-08-24T02:24:41.279Z] [32minfo[39m: skill_put ok
[2022-08-24T02:25:08.586Z] [32minfo[39m: skill_put start
[2022-08-24T02:25:08.608Z] [32minfo[39m: skill_put ok
[2022-08-24T02:25:20.449Z] [32minfo[39m: skill_del start
[2022-08-24T02:25:20.474Z] [32minfo[39m: skill_del ok
[2022-08-24T02:25:27.374Z] [32minfo[39m: skill_get ok
[2022-08-24T02:25:54.955Z] [32minfo[39m: works_get ok
[2022-08-24T02:29:18.599Z] [32minfo[39m: work_post start
[2022-08-24T02:29:18.686Z] [32minfo[39m: work_post ok
[2022-08-24T02:29:52.378Z] [32minfo[39m: work_post start
[2022-08-24T02:29:52.404Z] [32minfo[39m: work_post ok
[2022-08-24T02:30:06.153Z] [32minfo[39m: w_get ok
[2022-08-24T02:30:33.389Z] [32minfo[39m: w_put start
[2022-08-24T02:30:33.415Z] [32minfo[39m: w_put ok
[2022-08-24T02:30:45.922Z] [32minfo[39m: w_del start
[2022-08-24T02:30:45.938Z] [32minfo[39m: w_del ok
[2022-08-24T02:31:45.813Z] [32minfo[39m: work_post start
[2022-08-24T02:31:45.838Z] [32minfo[39m: work_post ok
[2022-08-24T02:31:53.219Z] [32minfo[39m: works_get ok
[2022-08-24T02:32:18.962Z] [32minfo[39m: w_put start
[2022-08-24T02:32:18.980Z] [32minfo[39m: w_put ok
